Determining if the pthread_create exist failed with the following output:
Change Dir: /home/yh/mine_ws/src/TeliCam_driver/build/CMakeFiles/CMakeTmp

Run Build Command:/usr/bin/make "cmTryCompileExec1728155348/fast"
/usr/bin/make -f CMakeFiles/cmTryCompileExec1728155348.dir/build.make CMakeFiles/cmTryCompileExec1728155348.dir/build
make[1]: Entering directory `/home/yh/mine_ws/src/TeliCam_driver/build/CMakeFiles/CMakeTmp'
/usr/bin/cmake -E cmake_progress_report /home/yh/mine_ws/src/TeliCam_driver/build/CMakeFiles/CMakeTmp/CMakeFiles 1
Building C object CMakeFiles/cmTryCompileExec1728155348.dir/CheckSymbolExists.c.o
/usr/bin/cc    -o CMakeFiles/cmTryCompileExec1728155348.dir/CheckSymbolExists.c.o   -c /home/yh/mine_ws/src/TeliCam_driver/build/CMakeFiles/CMakeTmp/CheckSymbolExists.c
Linking C executable cmTryCompileExec1728155348
/usr/bin/cmake -E cmake_link_script CMakeFiles/cmTryCompileExec1728155348.dir/link.txt --verbose=1
/usr/bin/cc       CMakeFiles/cmTryCompileExec1728155348.dir/CheckSymbolExists.c.o  -o cmTryCompileExec1728155348 -rdynamic 
CMakeFiles/cmTryCompileExec1728155348.dir/CheckSymbolExists.c.o: In function `main':
CheckSymbolExists.c:(.text+0x16): undefined reference to `pthread_create'
collect2: error: ld returned 1 exit status
make[1]: *** [cmTryCompileExec1728155348] Error 1
make[1]: Leaving directory `/home/yh/mine_ws/src/TeliCam_driver/build/CMakeFiles/CMakeTmp'
make: *** [cmTryCompileExec1728155348/fast] Error 2

File /home/yh/mine_ws/src/TeliCam_driver/build/CMakeFiles/CMakeTmp/CheckSymbolExists.c:
/* */
#include <pthread.h>

int main(int argc, char** argv)
{
  (void)argv;
#ifndef pthread_create
  return ((int*)(&pthread_create))[argc];
#else
  (void)argc;
  return 0;
#endif
}

Determining if the function pthread_create exists in the pthreads failed with the following output:
Change Dir: /home/yh/mine_ws/src/TeliCam_driver/build/CMakeFiles/CMakeTmp

Run Build Command:/usr/bin/make "cmTryCompileExec510417207/fast"
/usr/bin/make -f CMakeFiles/cmTryCompileExec510417207.dir/build.make CMakeFiles/cmTryCompileExec510417207.dir/build
make[1]: Entering directory `/home/yh/mine_ws/src/TeliCam_driver/build/CMakeFiles/CMakeTmp'
/usr/bin/cmake -E cmake_progress_report /home/yh/mine_ws/src/TeliCam_driver/build/CMakeFiles/CMakeTmp/CMakeFiles 1
Building C object CMakeFiles/cmTryCompileExec510417207.dir/CheckFunctionExists.c.o
/usr/bin/cc   -DCHECK_FUNCTION_EXISTS=pthread_create   -o CMakeFiles/cmTryCompileExec510417207.dir/CheckFunctionExists.c.o   -c /usr/share/cmake-2.8/Modules/CheckFunctionExists.c
Linking C executable cmTryCompileExec510417207
/usr/bin/cmake -E cmake_link_script CMakeFiles/cmTryCompileExec510417207.dir/link.txt --verbose=1
/usr/bin/cc   -DCHECK_FUNCTION_EXISTS=pthread_create    CMakeFiles/cmTryCompileExec510417207.dir/CheckFunctionExists.c.o  -o cmTryCompileExec510417207 -rdynamic -lpthreads 
/usr/bin/ld: cannot find -lpthreads
collect2: error: ld returned 1 exit status
make[1]: *** [cmTryCompileExec510417207] Error 1
make[1]: Leaving directory `/home/yh/mine_ws/src/TeliCam_driver/build/CMakeFiles/CMakeTmp'
make: *** [cmTryCompileExec510417207/fast] Error 2


